2017-06-12 19:32:56.809  INFO 1729 --- PERF TEST | Method A | 101 | aaa | 19
2017-06-12 19:32:56.811  INFO 1729 --- PERF TEST | Method A | 103 | aaa | 223
2017-06-12 19:32:56.821  INFO 1729 --- PERF TEST | Method B | 104 | aaa | 19
2017-06-12 19:32:56.822  INFO 1729 --- PERF TEST | Method A | 106 | aaa | 33
2017-06-12 19:32:56.824  INFO 1729 --- PERF TEST | Method A | 107 | aaa | 44
2017-06-12 19:32:56.840  INFO 1729 --- PERF TEST | Method A | 111 | aaa | 51
2017-06-12 19:32:56.840  INFO 1729 --- PERF TEST | Method B | 143 | aaa | 223
2017-06-12 19:32:56.843  INFO 1729 --- PERF TEST | Method B | 149 | aaa | 33
2017-06-12 19:32:56.859  INFO 1729 --- PERF TEST | Method B | 154 | aaa | 51
2017-06-12 19:32:56.859  INFO 1729 --- PERF TEST | Method C | 176 | aaa | 19
2017-06-12 19:32:56.861  INFO 1729 --- PERF TEST | Method C | 199 | aaa | 33
2017-06-12 19:32:56.877  INFO 1729 --- PERF TEST | Method B | 201 | aaa | 44
2017-06-12 19:32:56.877  INFO 1729 --- PERF TEST | Method C | 203 | aaa | 223
2017-06-12 19:32:56.880  INFO 1729 --- PERF TEST | Method C | 204 | aaa | 51
2017-06-12 19:32:56.894  INFO 1729 --- PERF TEST | Method D | 206 | aaa | 51
2017-06-12 19:32:56.895  INFO 1729 --- PERF TEST | Method D | 207 | aaa | 33
2017-06-12 19:32:56.923  INFO 1729 --- PERF TEST | Method D | 211 | aaa | 19
2017-06-12 19:32:56.923  INFO 1729 --- PERF TEST | Method D | 219 | aaa | 223
2017-06-12 19:32:56.926  INFO 1729 --- PERF TEST | Method C | 223 | aaa | 44
2017-06-12 19:32:56.937  INFO 1729 --- PERF TEST | Method D | 341 | aaa | 44
2017-06-12 19:32:56.953  INFO 1729 --- PERF TEST | Method E | 351 | aaa | 19
